0 silly argv {
0 silly argv   _: [ 'exec' ],
0 silly argv   scope: '@monorepo/app',
0 silly argv   args: [],
0 silly argv   '--': [ 'npm', 'start' ],
0 silly argv   lernaVersion: '6.5.1',
0 silly argv   '$0': 'node_modules\\lerna\\dist\\cli.js'
0 silly argv }
1 notice cli v6.5.1
2 verbose rootPath C:\Users\Vasco Neves\Documents\MonoRepoTest2
3 info versioning independent
4 error Error: Invalid package name "monorepo/components": name can only contain URL-friendly characters
4 error     at invalidPackageName (C:\Users\Vasco Neves\Documents\MonoRepoTest2\node_modules\npm-package-arg\npa.js:89:15)
4 error     at Result.setName (C:\Users\Vasco Neves\Documents\MonoRepoTest2\node_modules\npm-package-arg\npa.js:124:11)
4 error     at new Result (C:\Users\Vasco Neves\Documents\MonoRepoTest2\node_modules\npm-package-arg\npa.js:114:23)
4 error     at Function.resolve (C:\Users\Vasco Neves\Documents\MonoRepoTest2\node_modules\npm-package-arg\npa.js:61:15)
4 error     at C:\Users\Vasco Neves\Documents\MonoRepoTest2\node_modules\lerna\dist\cli.js:669:61
4 error     at Array.forEach (<anonymous>)
4 error     at C:\Users\Vasco Neves\Documents\MonoRepoTest2\node_modules\lerna\dist\cli.js:649:42
4 error     at PackageGraph.forEach (<anonymous>)
4 error     at new PackageGraph (C:\Users\Vasco Neves\Documents\MonoRepoTest2\node_modules\lerna\dist\cli.js:642:14)
